0 info it worked if it ends with ok
1 verbose cli [ 'C:\\Program Files\\nodejs\\node.exe',
1 verbose cli   'C:\\Program Files\\nodejs\\node_modules\\npm\\bin\\npm-cli.js',
1 verbose cli   'run',
1 verbose cli   'lite' ]
2 info using npm@3.10.10
3 info using node@v6.10.0
4 verbose run-script [ 'prelite', 'lite', 'postlite' ]
5 info lifecycle Techm-POC@1.0.0~prelite: Techm-POC@1.0.0
6 silly lifecycle Techm-POC@1.0.0~prelite: no script for prelite, continuing
7 info lifecycle Techm-POC@1.0.0~lite: Techm-POC@1.0.0
8 verbose lifecycle Techm-POC@1.0.0~lite: unsafe-perm in lifecycle true
9 verbose lifecycle Techm-POC@1.0.0~lite: PATH: C:\Program Files\nodejs\node_modules\npm\bin\node-gyp-bin;E:\Angular\POC\node_modules\.bin;C:\Program Files\nodejs\node_modules\npm\bin\node-gyp-bin;E:\Angular\POC\node_modules\.bin;C:\Ruby22-x64\bin;C:\Program Files (x86)\Intel\iCLS Client\;C:\Program Files\Intel\iCLS Client\;C:\Windows\system32;C:\Windows;C:\Windows\System32\Wbem;C:\Windows\System32\WindowsPowerShell\v1.0\;C:\Program Files\Intel\Intel(R) Management Engine Components\DAL;C:\Program Files\Intel\Intel(R) Management Engine Components\IPT;C:\Program Files (x86)\Intel\Intel(R) Management Engine Components\DAL;C:\Program Files (x86)\Intel\Intel(R) Management Engine Components\IPT;C:\Program Files (x86)\ATI Technologies\ATI.ACE\Core-Static;C:\Program Files\Lenovo\Bluetooth Software\;C:\Program Files\Lenovo\Bluetooth Software\syswow64;C:\Program Files\nodejs\;C:\Program Files (x86)\Skype\Phone\;C:\Program Files (x86)\Brackets\command;C:\Users\Administrator\AppData\Roaming\npm;C:\Program Files\Microsoft VS Code\bin;D:\AppServ\Apache2.2\bin;D:\AppServ\php6;D:\AppServ\MySQL\bin
10 verbose lifecycle Techm-POC@1.0.0~lite: CWD: E:\Angular\POC
11 silly lifecycle Techm-POC@1.0.0~lite: Args: [ '/d /s /c', 'lite-server' ]
12 silly lifecycle Techm-POC@1.0.0~lite: Returned: code: 1  signal: null
13 info lifecycle Techm-POC@1.0.0~lite: Failed to exec lite script
14 verbose stack Error: Techm-POC@1.0.0 lite: `lite-server`
14 verbose stack Exit status 1
14 verbose stack     at EventEmitter.<anonymous> (C:\Program Files\nodejs\node_modules\npm\lib\utils\lifecycle.js:255:16)
14 verbose stack     at emitTwo (events.js:106:13)
14 verbose stack     at EventEmitter.emit (events.js:191:7)
14 verbose stack     at ChildProcess.<anonymous> (C:\Program Files\nodejs\node_modules\npm\lib\utils\spawn.js:40:14)
14 verbose stack     at emitTwo (events.js:106:13)
14 verbose stack     at ChildProcess.emit (events.js:191:7)
14 verbose stack     at maybeClose (internal/child_process.js:877:16)
14 verbose stack     at Process.ChildProcess._handle.onexit (internal/child_process.js:226:5)
15 verbose pkgid Techm-POC@1.0.0
16 verbose cwd E:\Angular\POC
17 error Windows_NT 6.3.9600
18 error argv "C:\\Program Files\\nodejs\\node.exe" "C:\\Program Files\\nodejs\\node_modules\\npm\\bin\\npm-cli.js" "run" "lite"
19 error node v6.10.0
20 error npm  v3.10.10
21 error code ELIFECYCLE
22 error Techm-POC@1.0.0 lite: `lite-server`
22 error Exit status 1
23 error Failed at the Techm-POC@1.0.0 lite script 'lite-server'.
23 error Make sure you have the latest version of node.js and npm installed.
23 error If you do, this is most likely a problem with the Techm-POC package,
23 error not with npm itself.
23 error Tell the author that this fails on your system:
23 error     lite-server
23 error You can get information on how to open an issue for this project with:
23 error     npm bugs Techm-POC
23 error Or if that isn't available, you can get their info via:
23 error     npm owner ls Techm-POC
23 error There is likely additional logging output above.
24 verbose exit [ 1, true ]
